g:\code\opc_da_clientsdk_0.4a 20161220\projectsinautomation\opc_da_clientsdk_0.4\opcclienttoolkit\debug\opcclienttoolkit.pdb
g:\code\opc_da_clientsdk_0.4a 20161220\projectsinautomation\opc_da_clientsdk_0.4\opcclienttoolkit\debug\opcclienttoolkit.idb
g:\code\opc_da_clientsdk_0.4a 20161220\projectsinautomation\opc_da_clientsdk_0.4\opcclienttoolkit\debug\opcclient.obj
g:\code\opc_da_clientsdk_0.4a 20161220\projectsinautomation\opc_da_clientsdk_0.4\opcclienttoolkit\debug\opcgroup.obj
g:\code\opc_da_clientsdk_0.4a 20161220\projectsinautomation\opc_da_clientsdk_0.4\opcclienttoolkit\debug\opchost.obj
g:\code\opc_da_clientsdk_0.4a 20161220\projectsinautomation\opc_da_clientsdk_0.4\opcclienttoolkit\debug\opcitem.obj
g:\code\opc_da_clientsdk_0.4a 20161220\projectsinautomation\opc_da_clientsdk_0.4\opcclienttoolkit\debug\opcitemdata.obj
g:\code\opc_da_clientsdk_0.4a 20161220\projectsinautomation\opc_da_clientsdk_0.4\opcclienttoolkit\debug\opcproperties.obj
g:\code\opc_da_clientsdk_0.4a 20161220\projectsinautomation\opc_da_clientsdk_0.4\opcclienttoolkit\debug\opcserver.obj
g:\code\opc_da_clientsdk_0.4a 20161220\projectsinautomation\opc_da_clientsdk_0.4\opcclienttoolkit\debug\stdafx.obj
g:\code\opc_da_clientsdk_0.4a 20161220\projectsinautomation\opc_da_clientsdk_0.4\opcclienttoolkit\debug\transaction.obj
g:\code\opc_da_clientsdk_0.4a 20161220\projectsinautomation\opc_da_clientsdk_0.4\opcclienttoolkit\debug\opccomn_i.obj
g:\code\opc_da_clientsdk_0.4a 20161220\projectsinautomation\opc_da_clientsdk_0.4\opcclienttoolkit\debug\opcda_i.obj
g:\code\opc_da_clientsdk_0.4a 20161220\projectsinautomation\opc_da_clientsdk_0.4\opcclienttoolkit\debug\opcenum_i.obj
g:\code\opc_da_clientsdk_0.4a 20161220\projectsinautomation\opc_da_clientsdk_0.4\opcclienttoolkit\debug\opcclienttoolkit.lib
g:\code\opc_da_clientsdk_0.4a 20161220\projectsinautomation\opc_da_clientsdk_0.4\opcclienttoolkit\debug\opcclienttoolkit.tlog\cl.command.1.tlog
g:\code\opc_da_clientsdk_0.4a 20161220\projectsinautomation\opc_da_clientsdk_0.4\opcclienttoolkit\debug\opcclienttoolkit.tlog\cl.read.1.tlog
g:\code\opc_da_clientsdk_0.4a 20161220\projectsinautomation\opc_da_clientsdk_0.4\opcclienttoolkit\debug\opcclienttoolkit.tlog\cl.write.1.tlog
g:\code\opc_da_clientsdk_0.4a 20161220\projectsinautomation\opc_da_clientsdk_0.4\opcclienttoolkit\debug\opcclienttoolkit.tlog\lib-link.read.1.tlog
g:\code\opc_da_clientsdk_0.4a 20161220\projectsinautomation\opc_da_clientsdk_0.4\opcclienttoolkit\debug\opcclienttoolkit.tlog\lib-link.write.1.tlog
g:\code\opc_da_clientsdk_0.4a 20161220\projectsinautomation\opc_da_clientsdk_0.4\opcclienttoolkit\debug\opcclienttoolkit.tlog\lib.command.1.tlog
